<?xml version="1.0" encoding="UTF-8"?>
<testsuite xmlns:xsi="http://www.w3.org/2001/XMLSchema-instance" xsi:noNamespaceSchemaLocation="https://maven.apache.org/surefire/maven-surefire-plugin/xsd/surefire-test-report.xsd" name="com.firstdb.firstdb.FirstdbApplicationTests" time="7.716" tests="1" errors="1" skipped="0" failures="0">
  <properties>
    <property name="gopherProxySet" value="false"/>
    <property name="awt.toolkit" value="sun.lwawt.macosx.LWCToolkit"/>
    <property name="file.encoding.pkg" value="sun.io"/>
    <property name="java.specification.version" value="1.8"/>
    <property name="sun.cpu.isalist" value=""/>
    <property name="sun.jnu.encoding" value="UTF-8"/>
    <property name="java.class.path" value="/Users/abhishekkumardwivedi/Downloads/firstdb/target/test-classes:/Users/abhishekkumardwivedi/Downloads/firstdb/target/classes:/Users/abhishekkumardwivedi/.m2/repository/org/springframework/boot/spring-boot-starter-data-jpa/2.2.0.M3/spring-boot-starter-data-jpa-2.2.0.M3.jar:/Users/abhishekkumardwivedi/.m2/repository/org/springframework/boot/spring-boot-starter-aop/2.2.0.M3/spring-boot-starter-aop-2.2.0.M3.jar:/Users/abhishekkumardwivedi/.m2/repository/org/springframework/spring-aop/5.2.0.M2/spring-aop-5.2.0.M2.jar:/Users/abhishekkumardwivedi/.m2/repository/org/aspectj/aspectjweaver/1.9.4/aspectjweaver-1.9.4.jar:/Users/abhishekkumardwivedi/.m2/repository/org/springframework/boot/spring-boot-starter-jdbc/2.2.0.M3/spring-boot-starter-jdbc-2.2.0.M3.jar:/Users/abhishekkumardwivedi/.m2/repository/com/zaxxer/HikariCP/3.3.1/HikariCP-3.3.1.jar:/Users/abhishekkumardwivedi/.m2/repository/org/springframework/spring-jdbc/5.2.0.M2/spring-jdbc-5.2.0.M2.jar:/Users/abhishekkumardwivedi/.m2/repository/jakarta/activation/jakarta.activation-api/1.2.1/jakarta.activation-api-1.2.1.jar:/Users/abhishekkumardwivedi/.m2/repository/jakarta/persistence/jakarta.persistence-api/2.2.2/jakarta.persistence-api-2.2.2.jar:/Users/abhishekkumardwivedi/.m2/repository/jakarta/transaction/jakarta.transaction-api/1.3.2/jakarta.transaction-api-1.3.2.jar:/Users/abhishekkumardwivedi/.m2/repository/org/hibernate/hibernate-core/5.4.2.Final/hibernate-core-5.4.2.Final.jar:/Users/abhishekkumardwivedi/.m2/repository/org/jboss/logging/jboss-logging/3.3.2.Final/jboss-logging-3.3.2.Final.jar:/Users/abhishekkumardwivedi/.m2/repository/org/javassist/javassist/3.24.0-GA/javassist-3.24.0-GA.jar:/Users/abhishekkumardwivedi/.m2/repository/net/bytebuddy/byte-buddy/1.9.12/byte-buddy-1.9.12.jar:/Users/abhishekkumardwivedi/.m2/repository/antlr/antlr/2.7.7/antlr-2.7.7.jar:/Users/abhishekkumardwivedi/.m2/repository/org/jboss/jandex/2.0.5.Final/jandex-2.0.5.Final.jar:/Users/abhishekkumardwivedi/.m2/repository/com/fasterxml/classmate/1.5.0/classmate-1.5.0.jar:/Users/abhishekkumardwivedi/.m2/repository/org/dom4j/dom4j/2.1.1/dom4j-2.1.1.jar:/Users/abhishekkumardwivedi/.m2/repository/org/hibernate/common/hibernate-commons-annotations/5.1.0.Final/hibernate-commons-annotations-5.1.0.Final.jar:/Users/abhishekkumardwivedi/.m2/repository/org/glassfish/jaxb/jaxb-runtime/2.3.2/jaxb-runtime-2.3.2.jar:/Users/abhishekkumardwivedi/.m2/repository/org/glassfish/jaxb/txw2/2.3.2/txw2-2.3.2.jar:/Users/abhishekkumardwivedi/.m2/repository/com/sun/istack/istack-commons-runtime/3.0.8/istack-commons-runtime-3.0.8.jar:/Users/abhishekkumardwivedi/.m2/repository/org/jvnet/staxex/stax-ex/1.8.1/stax-ex-1.8.1.jar:/Users/abhishekkumardwivedi/.m2/repository/com/sun/xml/fastinfoset/FastInfoset/1.2.16/FastInfoset-1.2.16.jar:/Users/abhishekkumardwivedi/.m2/repository/org/springframework/data/spring-data-jpa/2.2.0.M4/spring-data-jpa-2.2.0.M4.jar:/Users/abhishekkumardwivedi/.m2/repository/org/springframework/data/spring-data-commons/2.2.0.M4/spring-data-commons-2.2.0.M4.jar:/Users/abhishekkumardwivedi/.m2/repository/org/springframework/spring-orm/5.2.0.M2/spring-orm-5.2.0.M2.jar:/Users/abhishekkumardwivedi/.m2/repository/org/springframework/spring-context/5.2.0.M2/spring-context-5.2.0.M2.jar:/Users/abhishekkumardwivedi/.m2/repository/org/springframework/spring-tx/5.2.0.M2/spring-tx-5.2.0.M2.jar:/Users/abhishekkumardwivedi/.m2/repository/org/springframework/spring-beans/5.2.0.M2/spring-beans-5.2.0.M2.jar:/Users/abhishekkumardwivedi/.m2/repository/org/slf4j/slf4j-api/1.7.26/slf4j-api-1.7.26.jar:/Users/abhishekkumardwivedi/.m2/repository/org/springframework/spring-aspects/5.2.0.M2/spring-aspects-5.2.0.M2.jar:/Users/abhishekkumardwivedi/.m2/repository/org/springframework/boot/spring-boot-starter-web/2.2.0.M3/spring-boot-starter-web-2.2.0.M3.jar:/Users/abhishekkumardwivedi/.m2/repository/org/springframework/boot/spring-boot-starter/2.2.0.M3/spring-boot-starter-2.2.0.M3.jar:/Users/abhishekkumardwivedi/.m2/repository/org/springframework/boot/spring-boot/2.2.0.M3/spring-boot-2.2.0.M3.jar:/Users/abhishekkumardwivedi/.m2/repository/org/springframework/boot/spring-boot-autoconfigure/2.2.0.M3/spring-boot-autoconfigure-2.2.0.M3.jar:/Users/abhishekkumardwivedi/.m2/repository/org/springframework/boot/spring-boot-starter-logging/2.2.0.M3/spring-boot-starter-logging-2.2.0.M3.jar:/Users/abhishekkumardwivedi/.m2/repository/ch/qos/logback/logback-classic/1.2.3/logback-classic-1.2.3.jar:/Users/abhishekkumardwivedi/.m2/repository/ch/qos/logback/logback-core/1.2.3/logback-core-1.2.3.jar:/Users/abhishekkumardwivedi/.m2/repository/org/apache/logging/log4j/log4j-to-slf4j/2.11.2/log4j-to-slf4j-2.11.2.jar:/Users/abhishekkumardwivedi/.m2/repository/org/apache/logging/log4j/log4j-api/2.11.2/log4j-api-2.11.2.jar:/Users/abhishekkumardwivedi/.m2/repository/org/slf4j/jul-to-slf4j/1.7.26/jul-to-slf4j-1.7.26.jar:/Users/abhishekkumardwivedi/.m2/repository/jakarta/annotation/jakarta.annotation-api/1.3.4/jakarta.annotation-api-1.3.4.jar:/Users/abhishekkumardwivedi/.m2/repository/org/yaml/snakeyaml/1.24/snakeyaml-1.24.jar:/Users/abhishekkumardwivedi/.m2/repository/org/springframework/boot/spring-boot-starter-json/2.2.0.M3/spring-boot-starter-json-2.2.0.M3.jar:/Users/abhishekkumardwivedi/.m2/repository/com/fasterxml/jackson/core/jackson-databind/2.9.8/jackson-databind-2.9.8.jar:/Users/abhishekkumardwivedi/.m2/repository/com/fasterxml/jackson/core/jackson-annotations/2.9.0/jackson-annotations-2.9.0.jar:/Users/abhishekkumardwivedi/.m2/repository/com/fasterxml/jackson/core/jackson-core/2.9.8/jackson-core-2.9.8.jar:/Users/abhishekkumardwivedi/.m2/repository/com/fasterxml/jackson/datatype/jackson-datatype-jdk8/2.9.8/jackson-datatype-jdk8-2.9.8.jar:/Users/abhishekkumardwivedi/.m2/repository/com/fasterxml/jackson/datatype/jackson-datatype-jsr310/2.9.8/jackson-datatype-jsr310-2.9.8.jar:/Users/abhishekkumardwivedi/.m2/repository/com/fasterxml/jackson/module/jackson-module-parameter-names/2.9.8/jackson-module-parameter-names-2.9.8.jar:/Users/abhishekkumardwivedi/.m2/repository/org/springframework/boot/spring-boot-starter-tomcat/2.2.0.M3/spring-boot-starter-tomcat-2.2.0.M3.jar:/Users/abhishekkumardwivedi/.m2/repository/org/apache/tomcat/embed/tomcat-embed-core/9.0.19/tomcat-embed-core-9.0.19.jar:/Users/abhishekkumardwivedi/.m2/repository/org/apache/tomcat/embed/tomcat-embed-el/9.0.19/tomcat-embed-el-9.0.19.jar:/Users/abhishekkumardwivedi/.m2/repository/org/apache/tomcat/embed/tomcat-embed-websocket/9.0.19/tomcat-embed-websocket-9.0.19.jar:/Users/abhishekkumardwivedi/.m2/repository/org/springframework/boot/spring-boot-starter-validation/2.2.0.M3/spring-boot-starter-validation-2.2.0.M3.jar:/Users/abhishekkumardwivedi/.m2/repository/jakarta/validation/jakarta.validation-api/2.0.1/jakarta.validation-api-2.0.1.jar:/Users/abhishekkumardwivedi/.m2/repository/org/hibernate/validator/hibernate-validator/6.0.16.Final/hibernate-validator-6.0.16.Final.jar:/Users/abhishekkumardwivedi/.m2/repository/org/springframework/spring-web/5.2.0.M2/spring-web-5.2.0.M2.jar:/Users/abhishekkumardwivedi/.m2/repository/org/springframework/spring-webmvc/5.2.0.M2/spring-webmvc-5.2.0.M2.jar:/Users/abhishekkumardwivedi/.m2/repository/org/springframework/spring-expression/5.2.0.M2/spring-expression-5.2.0.M2.jar:/Users/abhishekkumardwivedi/.m2/repository/mysql/mysql-connector-java/8.0.16/mysql-connector-java-8.0.16.jar:/Users/abhishekkumardwivedi/.m2/repository/org/springframework/boot/spring-boot-starter-test/2.2.0.M3/spring-boot-starter-test-2.2.0.M3.jar:/Users/abhishekkumardwivedi/.m2/repository/org/springframework/boot/spring-boot-test/2.2.0.M3/spring-boot-test-2.2.0.M3.jar:/Users/abhishekkumardwivedi/.m2/repository/org/springframework/boot/spring-boot-test-autoconfigure/2.2.0.M3/spring-boot-test-autoconfigure-2.2.0.M3.jar:/Users/abhishekkumardwivedi/.m2/repository/com/jayway/jsonpath/json-path/2.4.0/json-path-2.4.0.jar:/Users/abhishekkumardwivedi/.m2/repository/net/minidev/json-smart/2.3/json-smart-2.3.jar:/Users/abhishekkumardwivedi/.m2/repository/net/minidev/accessors-smart/1.2/accessors-smart-1.2.jar:/Users/abhishekkumardwivedi/.m2/repository/org/ow2/asm/asm/5.0.4/asm-5.0.4.jar:/Users/abhishekkumardwivedi/.m2/repository/jakarta/xml/bind/jakarta.xml.bind-api/2.3.2/jakarta.xml.bind-api-2.3.2.jar:/Users/abhishekkumardwivedi/.m2/repository/org/junit/jupiter/junit-jupiter/5.4.2/junit-jupiter-5.4.2.jar:/Users/abhishekkumardwivedi/.m2/repository/org/junit/jupiter/junit-jupiter-api/5.4.2/junit-jupiter-api-5.4.2.jar:/Users/abhishekkumardwivedi/.m2/repository/org/opentest4j/opentest4j/1.1.1/opentest4j-1.1.1.jar:/Users/abhishekkumardwivedi/.m2/repository/org/junit/platform/junit-platform-commons/1.4.2/junit-platform-commons-1.4.2.jar:/Users/abhishekkumardwivedi/.m2/repository/org/junit/jupiter/junit-jupiter-params/5.4.2/junit-jupiter-params-5.4.2.jar:/Users/abhishekkumardwivedi/.m2/repository/org/junit/jupiter/junit-jupiter-engine/5.4.2/junit-jupiter-engine-5.4.2.jar:/Users/abhishekkumardwivedi/.m2/repository/org/junit/vintage/junit-vintage-engine/5.4.2/junit-vintage-engine-5.4.2.jar:/Users/abhishekkumardwivedi/.m2/repository/org/apiguardian/apiguardian-api/1.0.0/apiguardian-api-1.0.0.jar:/Users/abhishekkumardwivedi/.m2/repository/org/junit/platform/junit-platform-engine/1.4.2/junit-platform-engine-1.4.2.jar:/Users/abhishekkumardwivedi/.m2/repository/junit/junit/4.12/junit-4.12.jar:/Users/abhishekkumardwivedi/.m2/repository/org/mockito/mockito-junit-jupiter/2.27.0/mockito-junit-jupiter-2.27.0.jar:/Users/abhishekkumardwivedi/.m2/repository/org/assertj/assertj-core/3.12.2/assertj-core-3.12.2.jar:/Users/abhishekkumardwivedi/.m2/repository/org/hamcrest/hamcrest-core/1.3/hamcrest-core-1.3.jar:/Users/abhishekkumardwivedi/.m2/repository/org/hamcrest/hamcrest-library/1.3/hamcrest-library-1.3.jar:/Users/abhishekkumardwivedi/.m2/repository/org/mockito/mockito-core/2.27.0/mockito-core-2.27.0.jar:/Users/abhishekkumardwivedi/.m2/repository/net/bytebuddy/byte-buddy-agent/1.9.12/byte-buddy-agent-1.9.12.jar:/Users/abhishekkumardwivedi/.m2/repository/org/objenesis/objenesis/2.6/objenesis-2.6.jar:/Users/abhishekkumardwivedi/.m2/repository/org/skyscreamer/jsonassert/1.5.0/jsonassert-1.5.0.jar:/Users/abhishekkumardwivedi/.m2/repository/com/vaadin/external/google/android-json/0.0.20131108.vaadin1/android-json-0.0.20131108.vaadin1.jar:/Users/abhishekkumardwivedi/.m2/repository/org/springframework/spring-core/5.2.0.M2/spring-core-5.2.0.M2.jar:/Users/abhishekkumardwivedi/.m2/repository/org/springframework/spring-jcl/5.2.0.M2/spring-jcl-5.2.0.M2.jar:/Users/abhishekkumardwivedi/.m2/repository/org/springframework/spring-test/5.2.0.M2/spring-test-5.2.0.M2.jar:/Users/abhishekkumardwivedi/.m2/repository/org/xmlunit/xmlunit-core/2.6.2/xmlunit-core-2.6.2.jar:"/>
    <property name="java.vm.vendor" value="Oracle Corporation"/>
    <property name="sun.arch.data.model" value="64"/>
    <property name="java.vendor.url" value="http://java.oracle.com/"/>
    <property name="user.timezone" value=""/>
    <property name="java.vm.specification.version" value="1.8"/>
    <property name="os.name" value="Mac OS X"/>
    <property name="user.country" value="IN"/>
    <property name="sun.java.launcher" value="SUN_STANDARD"/>
    <property name="sun.boot.library.path" value="/Library/Java/JavaVirtualMachines/jdk1.8.0_211.jdk/Contents/Home/jre/lib"/>
    <property name="sun.java.command" value="/Users/abhishekkumardwivedi/Downloads/firstdb/target/surefire/surefirebooter3918528873354356010.jar /Users/abhishekkumardwivedi/Downloads/firstdb/target/surefire 2019-05-20T15-50-40_713-jvmRun1 surefire2807883485455186692tmp surefire_06697562770675400996tmp"/>
    <property name="http.nonProxyHosts" value="local|*.local|169.254/16|*.169.254/16"/>
    <property name="surefire.test.class.path" value="/Users/abhishekkumardwivedi/Downloads/firstdb/target/test-classes:/Users/abhishekkumardwivedi/Downloads/firstdb/target/classes:/Users/abhishekkumardwivedi/.m2/repository/org/springframework/boot/spring-boot-starter-data-jpa/2.2.0.M3/spring-boot-starter-data-jpa-2.2.0.M3.jar:/Users/abhishekkumardwivedi/.m2/repository/org/springframework/boot/spring-boot-starter-aop/2.2.0.M3/spring-boot-starter-aop-2.2.0.M3.jar:/Users/abhishekkumardwivedi/.m2/repository/org/springframework/spring-aop/5.2.0.M2/spring-aop-5.2.0.M2.jar:/Users/abhishekkumardwivedi/.m2/repository/org/aspectj/aspectjweaver/1.9.4/aspectjweaver-1.9.4.jar:/Users/abhishekkumardwivedi/.m2/repository/org/springframework/boot/spring-boot-starter-jdbc/2.2.0.M3/spring-boot-starter-jdbc-2.2.0.M3.jar:/Users/abhishekkumardwivedi/.m2/repository/com/zaxxer/HikariCP/3.3.1/HikariCP-3.3.1.jar:/Users/abhishekkumardwivedi/.m2/repository/org/springframework/spring-jdbc/5.2.0.M2/spring-jdbc-5.2.0.M2.jar:/Users/abhishekkumardwivedi/.m2/repository/jakarta/activation/jakarta.activation-api/1.2.1/jakarta.activation-api-1.2.1.jar:/Users/abhishekkumardwivedi/.m2/repository/jakarta/persistence/jakarta.persistence-api/2.2.2/jakarta.persistence-api-2.2.2.jar:/Users/abhishekkumardwivedi/.m2/repository/jakarta/transaction/jakarta.transaction-api/1.3.2/jakarta.transaction-api-1.3.2.jar:/Users/abhishekkumardwivedi/.m2/repository/org/hibernate/hibernate-core/5.4.2.Final/hibernate-core-5.4.2.Final.jar:/Users/abhishekkumardwivedi/.m2/repository/org/jboss/logging/jboss-logging/3.3.2.Final/jboss-logging-3.3.2.Final.jar:/Users/abhishekkumardwivedi/.m2/repository/org/javassist/javassist/3.24.0-GA/javassist-3.24.0-GA.jar:/Users/abhishekkumardwivedi/.m2/repository/net/bytebuddy/byte-buddy/1.9.12/byte-buddy-1.9.12.jar:/Users/abhishekkumardwivedi/.m2/repository/antlr/antlr/2.7.7/antlr-2.7.7.jar:/Users/abhishekkumardwivedi/.m2/repository/org/jboss/jandex/2.0.5.Final/jandex-2.0.5.Final.jar:/Users/abhishekkumardwivedi/.m2/repository/com/fasterxml/classmate/1.5.0/classmate-1.5.0.jar:/Users/abhishekkumardwivedi/.m2/repository/org/dom4j/dom4j/2.1.1/dom4j-2.1.1.jar:/Users/abhishekkumardwivedi/.m2/repository/org/hibernate/common/hibernate-commons-annotations/5.1.0.Final/hibernate-commons-annotations-5.1.0.Final.jar:/Users/abhishekkumardwivedi/.m2/repository/org/glassfish/jaxb/jaxb-runtime/2.3.2/jaxb-runtime-2.3.2.jar:/Users/abhishekkumardwivedi/.m2/repository/org/glassfish/jaxb/txw2/2.3.2/txw2-2.3.2.jar:/Users/abhishekkumardwivedi/.m2/repository/com/sun/istack/istack-commons-runtime/3.0.8/istack-commons-runtime-3.0.8.jar:/Users/abhishekkumardwivedi/.m2/repository/org/jvnet/staxex/stax-ex/1.8.1/stax-ex-1.8.1.jar:/Users/abhishekkumardwivedi/.m2/repository/com/sun/xml/fastinfoset/FastInfoset/1.2.16/FastInfoset-1.2.16.jar:/Users/abhishekkumardwivedi/.m2/repository/org/springframework/data/spring-data-jpa/2.2.0.M4/spring-data-jpa-2.2.0.M4.jar:/Users/abhishekkumardwivedi/.m2/repository/org/springframework/data/spring-data-commons/2.2.0.M4/spring-data-commons-2.2.0.M4.jar:/Users/abhishekkumardwivedi/.m2/repository/org/springframework/spring-orm/5.2.0.M2/spring-orm-5.2.0.M2.jar:/Users/abhishekkumardwivedi/.m2/repository/org/springframework/spring-context/5.2.0.M2/spring-context-5.2.0.M2.jar:/Users/abhishekkumardwivedi/.m2/repository/org/springframework/spring-tx/5.2.0.M2/spring-tx-5.2.0.M2.jar:/Users/abhishekkumardwivedi/.m2/repository/org/springframework/spring-beans/5.2.0.M2/spring-beans-5.2.0.M2.jar:/Users/abhishekkumardwivedi/.m2/repository/org/slf4j/slf4j-api/1.7.26/slf4j-api-1.7.26.jar:/Users/abhishekkumardwivedi/.m2/repository/org/springframework/spring-aspects/5.2.0.M2/spring-aspects-5.2.0.M2.jar:/Users/abhishekkumardwivedi/.m2/repository/org/springframework/boot/spring-boot-starter-web/2.2.0.M3/spring-boot-starter-web-2.2.0.M3.jar:/Users/abhishekkumardwivedi/.m2/repository/org/springframework/boot/spring-boot-starter/2.2.0.M3/spring-boot-starter-2.2.0.M3.jar:/Users/abhishekkumardwivedi/.m2/repository/org/springframework/boot/spring-boot/2.2.0.M3/spring-boot-2.2.0.M3.jar:/Users/abhishekkumardwivedi/.m2/repository/org/springframework/boot/spring-boot-autoconfigure/2.2.0.M3/spring-boot-autoconfigure-2.2.0.M3.jar:/Users/abhishekkumardwivedi/.m2/repository/org/springframework/boot/spring-boot-starter-logging/2.2.0.M3/spring-boot-starter-logging-2.2.0.M3.jar:/Users/abhishekkumardwivedi/.m2/repository/ch/qos/logback/logback-classic/1.2.3/logback-classic-1.2.3.jar:/Users/abhishekkumardwivedi/.m2/repository/ch/qos/logback/logback-core/1.2.3/logback-core-1.2.3.jar:/Users/abhishekkumardwivedi/.m2/repository/org/apache/logging/log4j/log4j-to-slf4j/2.11.2/log4j-to-slf4j-2.11.2.jar:/Users/abhishekkumardwivedi/.m2/repository/org/apache/logging/log4j/log4j-api/2.11.2/log4j-api-2.11.2.jar:/Users/abhishekkumardwivedi/.m2/repository/org/slf4j/jul-to-slf4j/1.7.26/jul-to-slf4j-1.7.26.jar:/Users/abhishekkumardwivedi/.m2/repository/jakarta/annotation/jakarta.annotation-api/1.3.4/jakarta.annotation-api-1.3.4.jar:/Users/abhishekkumardwivedi/.m2/repository/org/yaml/snakeyaml/1.24/snakeyaml-1.24.jar:/Users/abhishekkumardwivedi/.m2/repository/org/springframework/boot/spring-boot-starter-json/2.2.0.M3/spring-boot-starter-json-2.2.0.M3.jar:/Users/abhishekkumardwivedi/.m2/repository/com/fasterxml/jackson/core/jackson-databind/2.9.8/jackson-databind-2.9.8.jar:/Users/abhishekkumardwivedi/.m2/repository/com/fasterxml/jackson/core/jackson-annotations/2.9.0/jackson-annotations-2.9.0.jar:/Users/abhishekkumardwivedi/.m2/repository/com/fasterxml/jackson/core/jackson-core/2.9.8/jackson-core-2.9.8.jar:/Users/abhishekkumardwivedi/.m2/repository/com/fasterxml/jackson/datatype/jackson-datatype-jdk8/2.9.8/jackson-datatype-jdk8-2.9.8.jar:/Users/abhishekkumardwivedi/.m2/repository/com/fasterxml/jackson/datatype/jackson-datatype-jsr310/2.9.8/jackson-datatype-jsr310-2.9.8.jar:/Users/abhishekkumardwivedi/.m2/repository/com/fasterxml/jackson/module/jackson-module-parameter-names/2.9.8/jackson-module-parameter-names-2.9.8.jar:/Users/abhishekkumardwivedi/.m2/repository/org/springframework/boot/spring-boot-starter-tomcat/2.2.0.M3/spring-boot-starter-tomcat-2.2.0.M3.jar:/Users/abhishekkumardwivedi/.m2/repository/org/apache/tomcat/embed/tomcat-embed-core/9.0.19/tomcat-embed-core-9.0.19.jar:/Users/abhishekkumardwivedi/.m2/repository/org/apache/tomcat/embed/tomcat-embed-el/9.0.19/tomcat-embed-el-9.0.19.jar:/Users/abhishekkumardwivedi/.m2/repository/org/apache/tomcat/embed/tomcat-embed-websocket/9.0.19/tomcat-embed-websocket-9.0.19.jar:/Users/abhishekkumardwivedi/.m2/repository/org/springframework/boot/spring-boot-starter-validation/2.2.0.M3/spring-boot-starter-validation-2.2.0.M3.jar:/Users/abhishekkumardwivedi/.m2/repository/jakarta/validation/jakarta.validation-api/2.0.1/jakarta.validation-api-2.0.1.jar:/Users/abhishekkumardwivedi/.m2/repository/org/hibernate/validator/hibernate-validator/6.0.16.Final/hibernate-validator-6.0.16.Final.jar:/Users/abhishekkumardwivedi/.m2/repository/org/springframework/spring-web/5.2.0.M2/spring-web-5.2.0.M2.jar:/Users/abhishekkumardwivedi/.m2/repository/org/springframework/spring-webmvc/5.2.0.M2/spring-webmvc-5.2.0.M2.jar:/Users/abhishekkumardwivedi/.m2/repository/org/springframework/spring-expression/5.2.0.M2/spring-expression-5.2.0.M2.jar:/Users/abhishekkumardwivedi/.m2/repository/mysql/mysql-connector-java/8.0.16/mysql-connector-java-8.0.16.jar:/Users/abhishekkumardwivedi/.m2/repository/org/springframework/boot/spring-boot-starter-test/2.2.0.M3/spring-boot-starter-test-2.2.0.M3.jar:/Users/abhishekkumardwivedi/.m2/repository/org/springframework/boot/spring-boot-test/2.2.0.M3/spring-boot-test-2.2.0.M3.jar:/Users/abhishekkumardwivedi/.m2/repository/org/springframework/boot/spring-boot-test-autoconfigure/2.2.0.M3/spring-boot-test-autoconfigure-2.2.0.M3.jar:/Users/abhishekkumardwivedi/.m2/repository/com/jayway/jsonpath/json-path/2.4.0/json-path-2.4.0.jar:/Users/abhishekkumardwivedi/.m2/repository/net/minidev/json-smart/2.3/json-smart-2.3.jar:/Users/abhishekkumardwivedi/.m2/repository/net/minidev/accessors-smart/1.2/accessors-smart-1.2.jar:/Users/abhishekkumardwivedi/.m2/repository/org/ow2/asm/asm/5.0.4/asm-5.0.4.jar:/Users/abhishekkumardwivedi/.m2/repository/jakarta/xml/bind/jakarta.xml.bind-api/2.3.2/jakarta.xml.bind-api-2.3.2.jar:/Users/abhishekkumardwivedi/.m2/repository/org/junit/jupiter/junit-jupiter/5.4.2/junit-jupiter-5.4.2.jar:/Users/abhishekkumardwivedi/.m2/repository/org/junit/jupiter/junit-jupiter-api/5.4.2/junit-jupiter-api-5.4.2.jar:/Users/abhishekkumardwivedi/.m2/repository/org/opentest4j/opentest4j/1.1.1/opentest4j-1.1.1.jar:/Users/abhishekkumardwivedi/.m2/repository/org/junit/platform/junit-platform-commons/1.4.2/junit-platform-commons-1.4.2.jar:/Users/abhishekkumardwivedi/.m2/repository/org/junit/jupiter/junit-jupiter-params/5.4.2/junit-jupiter-params-5.4.2.jar:/Users/abhishekkumardwivedi/.m2/repository/org/junit/jupiter/junit-jupiter-engine/5.4.2/junit-jupiter-engine-5.4.2.jar:/Users/abhishekkumardwivedi/.m2/repository/org/junit/vintage/junit-vintage-engine/5.4.2/junit-vintage-engine-5.4.2.jar:/Users/abhishekkumardwivedi/.m2/repository/org/apiguardian/apiguardian-api/1.0.0/apiguardian-api-1.0.0.jar:/Users/abhishekkumardwivedi/.m2/repository/org/junit/platform/junit-platform-engine/1.4.2/junit-platform-engine-1.4.2.jar:/Users/abhishekkumardwivedi/.m2/repository/junit/junit/4.12/junit-4.12.jar:/Users/abhishekkumardwivedi/.m2/repository/org/mockito/mockito-junit-jupiter/2.27.0/mockito-junit-jupiter-2.27.0.jar:/Users/abhishekkumardwivedi/.m2/repository/org/assertj/assertj-core/3.12.2/assertj-core-3.12.2.jar:/Users/abhishekkumardwivedi/.m2/repository/org/hamcrest/hamcrest-core/1.3/hamcrest-core-1.3.jar:/Users/abhishekkumardwivedi/.m2/repository/org/hamcrest/hamcrest-library/1.3/hamcrest-library-1.3.jar:/Users/abhishekkumardwivedi/.m2/repository/org/mockito/mockito-core/2.27.0/mockito-core-2.27.0.jar:/Users/abhishekkumardwivedi/.m2/repository/net/bytebuddy/byte-buddy-agent/1.9.12/byte-buddy-agent-1.9.12.jar:/Users/abhishekkumardwivedi/.m2/repository/org/objenesis/objenesis/2.6/objenesis-2.6.jar:/Users/abhishekkumardwivedi/.m2/repository/org/skyscreamer/jsonassert/1.5.0/jsonassert-1.5.0.jar:/Users/abhishekkumardwivedi/.m2/repository/com/vaadin/external/google/android-json/0.0.20131108.vaadin1/android-json-0.0.20131108.vaadin1.jar:/Users/abhishekkumardwivedi/.m2/repository/org/springframework/spring-core/5.2.0.M2/spring-core-5.2.0.M2.jar:/Users/abhishekkumardwivedi/.m2/repository/org/springframework/spring-jcl/5.2.0.M2/spring-jcl-5.2.0.M2.jar:/Users/abhishekkumardwivedi/.m2/repository/org/springframework/spring-test/5.2.0.M2/spring-test-5.2.0.M2.jar:/Users/abhishekkumardwivedi/.m2/repository/org/xmlunit/xmlunit-core/2.6.2/xmlunit-core-2.6.2.jar:"/>
    <property name="sun.cpu.endian" value="little"/>
    <property name="user.home" value="/Users/abhishekkumardwivedi"/>
    <property name="user.language" value="en"/>
    <property name="java.specification.vendor" value="Oracle Corporation"/>
    <property name="java.home" value="/Library/Java/JavaVirtualMachines/jdk1.8.0_211.jdk/Contents/Home/jre"/>
    <property name="basedir" value="/Users/abhishekkumardwivedi/Downloads/firstdb"/>
    <property name="file.separator" value="/"/>
    <property name="line.separator" value="&#10;"/>
    <property name="java.vm.specification.vendor" value="Oracle Corporation"/>
    <property name="java.specification.name" value="Java Platform API Specification"/>
    <property name="java.awt.graphicsenv" value="sun.awt.CGraphicsEnvironment"/>
    <property name="surefire.real.class.path" value="/Users/abhishekkumardwivedi/Downloads/firstdb/target/surefire/surefirebooter3918528873354356010.jar"/>
    <property name="sun.boot.class.path" value="/Library/Java/JavaVirtualMachines/jdk1.8.0_211.jdk/Contents/Home/jre/lib/resources.jar:/Library/Java/JavaVirtualMachines/jdk1.8.0_211.jdk/Contents/Home/jre/lib/rt.jar:/Library/Java/JavaVirtualMachines/jdk1.8.0_211.jdk/Contents/Home/jre/lib/sunrsasign.jar:/Library/Java/JavaVirtualMachines/jdk1.8.0_211.jdk/Contents/Home/jre/lib/jsse.jar:/Library/Java/JavaVirtualMachines/jdk1.8.0_211.jdk/Contents/Home/jre/lib/jce.jar:/Library/Java/JavaVirtualMachines/jdk1.8.0_211.jdk/Contents/Home/jre/lib/charsets.jar:/Library/Java/JavaVirtualMachines/jdk1.8.0_211.jdk/Contents/Home/jre/lib/jfr.jar:/Library/Java/JavaVirtualMachines/jdk1.8.0_211.jdk/Contents/Home/jre/classes"/>
    <property name="sun.management.compiler" value="HotSpot 64-Bit Tiered Compilers"/>
    <property name="ftp.nonProxyHosts" value="local|*.local|169.254/16|*.169.254/16"/>
    <property name="java.runtime.version" value="1.8.0_211-b12"/>
    <property name="user.name" value="abhishekkumardwivedi"/>
    <property name="path.separator" value=":"/>
    <property name="os.version" value="10.13"/>
    <property name="java.endorsed.dirs" value="/Library/Java/JavaVirtualMachines/jdk1.8.0_211.jdk/Contents/Home/jre/lib/endorsed"/>
    <property name="java.runtime.name" value="Java(TM) SE Runtime Environment"/>
    <property name="file.encoding" value="US-ASCII"/>
    <property name="java.vm.name" value="Java HotSpot(TM) 64-Bit Server VM"/>
    <property name="localRepository" value="/Users/abhishekkumardwivedi/.m2/repository"/>
    <property name="java.vendor.url.bug" value="http://bugreport.sun.com/bugreport/"/>
    <property name="java.io.tmpdir" value="/var/folders/gc/6k49c7kj44ddllmcr4vrvszh0000gq/T/"/>
    <property name="java.version" value="1.8.0_211"/>
    <property name="user.dir" value="/Users/abhishekkumardwivedi/Downloads/firstdb"/>
    <property name="os.arch" value="x86_64"/>
    <property name="java.vm.specification.name" value="Java Virtual Machine Specification"/>
    <property name="java.awt.printerjob" value="sun.lwawt.macosx.CPrinterJob"/>
    <property name="sun.os.patch.level" value="unknown"/>
    <property name="java.library.path" value="/Users/abhishekkumardwivedi/Library/Java/Extensions:/Library/Java/Extensions:/Network/Library/Java/Extensions:/System/Library/Java/Extensions:/usr/lib/java:."/>
    <property name="java.vm.info" value="mixed mode"/>
    <property name="java.vendor" value="Oracle Corporation"/>
    <property name="java.vm.version" value="25.211-b12"/>
    <property name="java.ext.dirs" value="/Users/abhishekkumardwivedi/Library/Java/Extensions:/Library/Java/JavaVirtualMachines/jdk1.8.0_211.jdk/Contents/Home/jre/lib/ext:/Library/Java/Extensions:/Network/Library/Java/Extensions:/System/Library/Java/Extensions:/usr/lib/java"/>
    <property name="sun.io.unicode.encoding" value="UnicodeBig"/>
    <property name="java.class.version" value="52.0"/>
    <property name="socksNonProxyHosts" value="local|*.local|169.254/16|*.169.254/16"/>
  </properties>
  <testcase name="contextLoads" classname="com.firstdb.firstdb.FirstdbApplicationTests" time="0.078">
    <error message="Failed to load ApplicationContext" type="java.lang.IllegalStateException">java.lang.IllegalStateException: Failed to load ApplicationContext
Caused by: org.springframework.beans.factory.UnsatisfiedDependencyException: Error creating bean with name 'firstdbApplication': Unsatisfied dependency expressed through field 'dao'; nested exception is org.springframework.beans.factory.NoSuchBeanDefinitionException: No qualifying bean of type 'jdbc.person_jdbc_data' available: expected at least 1 bean which qualifies as autowire candidate. Dependency annotations: {@org.springframework.beans.factory.annotation.Autowired(required=true)}
Caused by: org.springframework.beans.factory.NoSuchBeanDefinitionException: No qualifying bean of type 'jdbc.person_jdbc_data' available: expected at least 1 bean which qualifies as autowire candidate. Dependency annotations: {@org.springframework.beans.factory.annotation.Autowired(required=true)}
</error>
    <system-out><![CDATA[15:50:43.026 [main] DEBUG org.springframework.test.context.junit4.SpringJUnit4ClassRunner - SpringJUnit4ClassRunner constructor called with [class com.firstdb.firstdb.FirstdbApplicationTests]
15:50:43.042 [main] DEBUG org.springframework.test.context.BootstrapUtils - Instantiating CacheAwareContextLoaderDelegate from class [org.springframework.test.context.cache.DefaultCacheAwareContextLoaderDelegate]
15:50:43.070 [main] DEBUG org.springframework.test.context.BootstrapUtils - Instantiating BootstrapContext using constructor [public org.springframework.test.context.support.DefaultBootstrapContext(java.lang.Class,org.springframework.test.context.CacheAwareContextLoaderDelegate)]
15:50:43.122 [main] DEBUG org.springframework.test.context.BootstrapUtils - Instantiating TestContextBootstrapper for test class [com.firstdb.firstdb.FirstdbApplicationTests] from class [org.springframework.boot.test.context.SpringBootTestContextBootstrapper]
15:50:43.168 [main] INFO org.springframework.boot.test.context.SpringBootTestContextBootstrapper - Neither @ContextConfiguration nor @ContextHierarchy found for test class [com.firstdb.firstdb.FirstdbApplicationTests], using SpringBootContextLoader
15:50:43.175 [main] DEBUG org.springframework.test.context.support.AbstractContextLoader - Did not detect default resource location for test class [com.firstdb.firstdb.FirstdbApplicationTests]: class path resource [com/firstdb/firstdb/FirstdbApplicationTests-context.xml] does not exist
15:50:43.176 [main] DEBUG org.springframework.test.context.support.AbstractContextLoader - Did not detect default resource location for test class [com.firstdb.firstdb.FirstdbApplicationTests]: class path resource [com/firstdb/firstdb/FirstdbApplicationTestsContext.groovy] does not exist
15:50:43.176 [main] INFO org.springframework.test.context.support.AbstractContextLoader - Could not detect default resource locations for test class [com.firstdb.firstdb.FirstdbApplicationTests]: no resource found for suffixes {-context.xml, Context.groovy}.
15:50:43.182 [main] INFO org.springframework.test.context.support.AnnotationConfigContextLoaderUtils - Could not detect default configuration classes for test class [com.firstdb.firstdb.FirstdbApplicationTests]: FirstdbApplicationTests does not declare any static, non-private, non-final, nested classes annotated with @Configuration.
15:50:43.299 [main] DEBUG org.springframework.test.context.support.ActiveProfilesUtils - Could not find an 'annotation declaring class' for annotation type [org.springframework.test.context.ActiveProfiles] and class [com.firstdb.firstdb.FirstdbApplicationTests]
15:50:43.454 [main] DEBUG org.springframework.context.annotation.ClassPathScanningCandidateComponentProvider - Identified candidate component class: file [/Users/abhishekkumardwivedi/Downloads/firstdb/target/classes/com/firstdb/firstdb/FirstdbApplication.class]
15:50:43.456 [main] INFO org.springframework.boot.test.context.SpringBootTestContextBootstrapper - Found @SpringBootConfiguration com.firstdb.firstdb.FirstdbApplication for test class com.firstdb.firstdb.FirstdbApplicationTests
15:50:43.608 [main] DEBUG org.springframework.boot.test.context.SpringBootTestContextBootstrapper - @TestExecutionListeners is not present for class [com.firstdb.firstdb.FirstdbApplicationTests]: using defaults.
15:50:43.618 [main] INFO org.springframework.boot.test.context.SpringBootTestContextBootstrapper - Loaded default TestExecutionListener class names from location [META-INF/spring.factories]: [org.springframework.boot.test.mock.mockito.MockitoTestExecutionListener, org.springframework.boot.test.mock.mockito.ResetMocksTestExecutionListener, org.springframework.boot.test.autoconfigure.restdocs.RestDocsTestExecutionListener, org.springframework.boot.test.autoconfigure.web.client.MockRestServiceServerResetTestExecutionListener, org.springframework.boot.test.autoconfigure.web.servlet.MockMvcPrintOnlyOnFailureTestExecutionListener, org.springframework.boot.test.autoconfigure.web.servlet.WebDriverTestExecutionListener, org.springframework.test.context.web.ServletTestExecutionListener, org.springframework.test.context.support.DirtiesContextBeforeModesTestExecutionListener, org.springframework.test.context.support.DependencyInjectionTestExecutionListener, org.springframework.test.context.support.DirtiesContextTestExecutionListener, org.springframework.test.context.transaction.TransactionalTestExecutionListener, org.springframework.test.context.jdbc.SqlScriptsTestExecutionListener, org.springframework.test.context.event.EventPublishingTestExecutionListener]
15:50:43.708 [main] INFO org.springframework.boot.test.context.SpringBootTestContextBootstrapper - Using TestExecutionListeners: [org.springframework.test.context.web.ServletTestExecutionListener@1cbb87f3, org.springframework.test.context.support.DirtiesContextBeforeModesTestExecutionListener@1a4013, org.springframework.boot.test.mock.mockito.MockitoTestExecutionListener@1b6e1eff, org.springframework.boot.test.autoconfigure.SpringBootDependencyInjectionTestExecutionListener@306f16f3, org.springframework.test.context.support.DirtiesContextTestExecutionListener@702b8b12, org.springframework.test.context.transaction.TransactionalTestExecutionListener@22e357dc, org.springframework.test.context.jdbc.SqlScriptsTestExecutionListener@49912c99, org.springframework.test.context.event.EventPublishingTestExecutionListener@10163d6, org.springframework.boot.test.mock.mockito.ResetMocksTestExecutionListener@2dde1bff, org.springframework.boot.test.autoconfigure.restdocs.RestDocsTestExecutionListener@15bbf42f, org.springframework.boot.test.autoconfigure.web.client.MockRestServiceServerResetTestExecutionListener@550ee7e5, org.springframework.boot.test.autoconfigure.web.servlet.MockMvcPrintOnlyOnFailureTestExecutionListener@5f9b2141, org.springframework.boot.test.autoconfigure.web.servlet.WebDriverTestExecutionListener@247d8ae]
15:50:43.716 [main] DEBUG org.springframework.test.annotation.ProfileValueUtils - Retrieved @ProfileValueSourceConfiguration [null] for test class [com.firstdb.firstdb.FirstdbApplicationTests]
15:50:43.718 [main] DEBUG org.springframework.test.annotation.ProfileValueUtils - Retrieved ProfileValueSource type [class org.springframework.test.annotation.SystemProfileValueSource] for class [com.firstdb.firstdb.FirstdbApplicationTests]
15:50:43.794 [main] DEBUG org.springframework.test.context.junit4.SpringJUnit4ClassRunner - SpringJUnit4ClassRunner constructor called with [class com.firstdb.firstdb.FirstdbApplicationTests]
15:50:43.795 [main] DEBUG org.springframework.test.context.BootstrapUtils - Instantiating CacheAwareContextLoaderDelegate from class [org.springframework.test.context.cache.DefaultCacheAwareContextLoaderDelegate]
15:50:43.796 [main] DEBUG org.springframework.test.context.BootstrapUtils - Instantiating BootstrapContext using constructor [public org.springframework.test.context.support.DefaultBootstrapContext(java.lang.Class,org.springframework.test.context.CacheAwareContextLoaderDelegate)]
15:50:43.797 [main] DEBUG org.springframework.test.context.BootstrapUtils - Instantiating TestContextBootstrapper for test class [com.firstdb.firstdb.FirstdbApplicationTests] from class [org.springframework.boot.test.context.SpringBootTestContextBootstrapper]
15:50:43.799 [main] INFO org.springframework.boot.test.context.SpringBootTestContextBootstrapper - Neither @ContextConfiguration nor @ContextHierarchy found for test class [com.firstdb.firstdb.FirstdbApplicationTests], using SpringBootContextLoader
15:50:43.800 [main] DEBUG org.springframework.test.context.support.AbstractContextLoader - Did not detect default resource location for test class [com.firstdb.firstdb.FirstdbApplicationTests]: class path resource [com/firstdb/firstdb/FirstdbApplicationTests-context.xml] does not exist
15:50:43.801 [main] DEBUG org.springframework.test.context.support.AbstractContextLoader - Did not detect default resource location for test class [com.firstdb.firstdb.FirstdbApplicationTests]: class path resource [com/firstdb/firstdb/FirstdbApplicationTestsContext.groovy] does not exist
15:50:43.801 [main] INFO org.springframework.test.context.support.AbstractContextLoader - Could not detect default resource locations for test class [com.firstdb.firstdb.FirstdbApplicationTests]: no resource found for suffixes {-context.xml, Context.groovy}.
15:50:43.802 [main] INFO org.springframework.test.context.support.AnnotationConfigContextLoaderUtils - Could not detect default configuration classes for test class [com.firstdb.firstdb.FirstdbApplicationTests]: FirstdbApplicationTests does not declare any static, non-private, non-final, nested classes annotated with @Configuration.
15:50:43.809 [main] DEBUG org.springframework.test.context.support.ActiveProfilesUtils - Could not find an 'annotation declaring class' for annotation type [org.springframework.test.context.ActiveProfiles] and class [com.firstdb.firstdb.FirstdbApplicationTests]
15:50:43.809 [main] INFO org.springframework.boot.test.context.SpringBootTestContextBootstrapper - Found @SpringBootConfiguration com.firstdb.firstdb.FirstdbApplication for test class com.firstdb.firstdb.FirstdbApplicationTests
15:50:43.815 [main] DEBUG org.springframework.boot.test.context.SpringBootTestContextBootstrapper - @TestExecutionListeners is not present for class [com.firstdb.firstdb.FirstdbApplicationTests]: using defaults.
15:50:43.815 [main] INFO org.springframework.boot.test.context.SpringBootTestContextBootstrapper - Loaded default TestExecutionListener class names from location [META-INF/spring.factories]: [org.springframework.boot.test.mock.mockito.MockitoTestExecutionListener, org.springframework.boot.test.mock.mockito.ResetMocksTestExecutionListener, org.springframework.boot.test.autoconfigure.restdocs.RestDocsTestExecutionListener, org.springframework.boot.test.autoconfigure.web.client.MockRestServiceServerResetTestExecutionListener, org.springframework.boot.test.autoconfigure.web.servlet.MockMvcPrintOnlyOnFailureTestExecutionListener, org.springframework.boot.test.autoconfigure.web.servlet.WebDriverTestExecutionListener, org.springframework.test.context.web.ServletTestExecutionListener, org.springframework.test.context.support.DirtiesContextBeforeModesTestExecutionListener, org.springframework.test.context.support.DependencyInjectionTestExecutionListener, org.springframework.test.context.support.DirtiesContextTestExecutionListener, org.springframework.test.context.transaction.TransactionalTestExecutionListener, org.springframework.test.context.jdbc.SqlScriptsTestExecutionListener, org.springframework.test.context.event.EventPublishingTestExecutionListener]
15:50:43.817 [main] INFO org.springframework.boot.test.context.SpringBootTestContextBootstrapper - Using TestExecutionListeners: [org.springframework.test.context.web.ServletTestExecutionListener@a530d0a, org.springframework.test.context.support.DirtiesContextBeforeModesTestExecutionListener@1a18644, org.springframework.boot.test.mock.mockito.MockitoTestExecutionListener@5acf93bb, org.springframework.boot.test.autoconfigure.SpringBootDependencyInjectionTestExecutionListener@7e7be63f, org.springframework.test.context.support.DirtiesContextTestExecutionListener@6cd28fa7, org.springframework.test.context.transaction.TransactionalTestExecutionListener@614ca7df, org.springframework.test.context.jdbc.SqlScriptsTestExecutionListener@4738a206, org.springframework.test.context.event.EventPublishingTestExecutionListener@66d3eec0, org.springframework.boot.test.mock.mockito.ResetMocksTestExecutionListener@1e04fa0a, org.springframework.boot.test.autoconfigure.restdocs.RestDocsTestExecutionListener@1af2d44a, org.springframework.boot.test.autoconfigure.web.client.MockRestServiceServerResetTestExecutionListener@18d87d80, org.springframework.boot.test.autoconfigure.web.servlet.MockMvcPrintOnlyOnFailureTestExecutionListener@618425b5, org.springframework.boot.test.autoconfigure.web.servlet.WebDriverTestExecutionListener@58695725]
15:50:43.817 [main] DEBUG org.springframework.test.annotation.ProfileValueUtils - Retrieved @ProfileValueSourceConfiguration [null] for test class [com.firstdb.firstdb.FirstdbApplicationTests]
15:50:43.818 [main] DEBUG org.springframework.test.annotation.ProfileValueUtils - Retrieved ProfileValueSource type [class org.springframework.test.annotation.SystemProfileValueSource] for class [com.firstdb.firstdb.FirstdbApplicationTests]
15:50:43.971 [main] DEBUG org.springframework.test.annotation.ProfileValueUtils - Retrieved @ProfileValueSourceConfiguration [null] for test class [com.firstdb.firstdb.FirstdbApplicationTests]
15:50:43.974 [main] DEBUG org.springframework.test.annotation.ProfileValueUtils - Retrieved ProfileValueSource type [class org.springframework.test.annotation.SystemProfileValueSource] for class [com.firstdb.firstdb.FirstdbApplicationTests]
15:50:43.983 [main] DEBUG org.springframework.test.annotation.ProfileValueUtils - Retrieved @ProfileValueSourceConfiguration [null] for test class [com.firstdb.firstdb.FirstdbApplicationTests]
15:50:43.985 [main] DEBUG org.springframework.test.annotation.ProfileValueUtils - Retrieved ProfileValueSource type [class org.springframework.test.annotation.SystemProfileValueSource] for class [com.firstdb.firstdb.FirstdbApplicationTests]
15:50:43.996 [main] DEBUG org.springframework.test.annotation.ProfileValueUtils - Retrieved @ProfileValueSourceConfiguration [null] for test class [com.firstdb.firstdb.FirstdbApplicationTests]
15:50:43.996 [main] DEBUG org.springframework.test.annotation.ProfileValueUtils - Retrieved ProfileValueSource type [class org.springframework.test.annotation.SystemProfileValueSource] for class [com.firstdb.firstdb.FirstdbApplicationTests]
15:50:44.024 [main] DEBUG org.springframework.test.context.support.AbstractDirtiesContextTestExecutionListener - Before test class: context [DefaultTestContext@3f191845 testClass = FirstdbApplicationTests, testInstance = [null], testMethod = [null], testException = [null], mergedContextConfiguration = [WebMergedContextConfiguration@5f049ea1 testClass = FirstdbApplicationTests, locations = '{}', classes = '{class com.firstdb.firstdb.FirstdbApplication}', contextInitializerClasses = '[]', activeProfiles = '{}', propertySourceLocations = '{}', propertySourceProperties = '{org.springframework.boot.test.context.SpringBootTestContextBootstrapper=true}', contextCustomizers = set[org.springframework.boot.test.context.filter.ExcludeFilterContextCustomizer@2aa3cd93, org.springframework.boot.test.json.DuplicateJsonObjectContextCustomizerFactory$DuplicateJsonObjectContextCustomizer@290d210d, org.springframework.boot.test.mock.mockito.MockitoContextCustomizer@0, org.springframework.boot.test.web.client.TestRestTemplateContextCustomizer@75f32542, org.springframework.boot.test.autoconfigure.properties.PropertyMappingContextCustomizer@0, org.springframework.boot.test.autoconfigure.web.servlet.WebDriverContextCustomizerFactory$Customizer@2928854b], resourceBasePath = 'src/main/webapp', contextLoader = 'org.springframework.boot.test.context.SpringBootContextLoader', parent = [null]], attributes = map['org.springframework.test.context.web.ServletTestExecutionListener.activateListener' -> true]], class annotated with @DirtiesContext [false] with mode [null].
15:50:44.032 [main] DEBUG org.springframework.test.annotation.ProfileValueUtils - Retrieved @ProfileValueSourceConfiguration [null] for test class [com.firstdb.firstdb.FirstdbApplicationTests]
15:50:44.032 [main] DEBUG org.springframework.test.annotation.ProfileValueUtils - Retrieved ProfileValueSource type [class org.springframework.test.annotation.SystemProfileValueSource] for class [com.firstdb.firstdb.FirstdbApplicationTests]
15:50:44.115 [main] DEBUG org.springframework.test.context.support.TestPropertySourceUtils - Adding inlined properties to environment: {spring.jmx.enabled=false, org.springframework.boot.test.context.SpringBootTestContextBootstrapper=true, server.port=-1}

  .   ____          _            __ _ _
 /\\ / ___'_ __ _ _(_)_ __  __ _ \ \ \ \
( ( )\___ | '_ | '_| | '_ \/ _` | \ \ \ \
 \\/  ___)| |_)| | | | | || (_| |  ) ) ) )
  '  |____| .__|_| |_|_| |_\__, | / / / /
 =========|_|==============|___/=/_/_/_/
 :: Spring Boot ::             (v2.2.0.M3)

2019-05-20 15:50:45.035  INFO 1858 --- [           main] c.f.firstdb.FirstdbApplicationTests      : Starting FirstdbApplicationTests on nsg-static-003.193.71.182.airtel.in with PID 1858 (started by abhishekkumardwivedi in /Users/abhishekkumardwivedi/Downloads/firstdb)
2019-05-20 15:50:45.041  INFO 1858 --- [           main] c.f.firstdb.FirstdbApplicationTests      : No active profile set, falling back to default profiles: default
2019-05-20 15:50:47.657  INFO 1858 --- [           main] .s.d.r.c.RepositoryConfigurationDelegate : Bootstrapping Spring Data repositories in DEFAULT mode.
2019-05-20 15:50:47.689  INFO 1858 --- [           main] .s.d.r.c.RepositoryConfigurationDelegate : Finished Spring Data repository scanning in 18ms. Found 0 repository interfaces.
2019-05-20 15:50:48.253  INFO 1858 --- [           main] trationDelegate$BeanPostProcessorChecker : Bean 'org.springframework.transaction.annotation.ProxyTransactionManagementConfiguration' of type [org.springframework.transaction.annotation.ProxyTransactionManagementConfiguration$$EnhancerBySpringCGLIB$$4c40cfb0] is not eligible for getting processed by all BeanPostProcessors (for example: not eligible for auto-proxying)
2019-05-20 15:50:48.876  INFO 1858 --- [           main] com.zaxxer.hikari.HikariDataSource       : HikariPool-1 - Starting...
2019-05-20 15:50:49.453  INFO 1858 --- [           main] com.zaxxer.hikari.HikariDataSource       : HikariPool-1 - Start completed.
2019-05-20 15:50:49.657  INFO 1858 --- [           main] o.hibernate.jpa.internal.util.LogHelper  : HHH000204: Processing PersistenceUnitInfo [name: default]
2019-05-20 15:50:49.925  INFO 1858 --- [           main] org.hibernate.Version                    : HHH000412: Hibernate Core {5.4.2.Final}
2019-05-20 15:50:50.332  INFO 1858 --- [           main] o.hibernate.annotations.common.Version   : HCANN000001: Hibernate Commons Annotations {5.1.0.Final}
2019-05-20 15:50:50.687  INFO 1858 --- [           main] org.hibernate.dialect.Dialect            : HHH000400: Using dialect: org.hibernate.dialect.MySQL55Dialect
2019-05-20 15:50:51.228  INFO 1858 --- [           main] o.h.e.t.j.p.i.JtaPlatformInitiator       : HHH000490: Using JtaPlatform implementation: [org.hibernate.engine.transaction.jta.platform.internal.NoJtaPlatform]
2019-05-20 15:50:51.233  INFO 1858 --- [           main] j.LocalContainerEntityManagerFactoryBean : Initialized JPA EntityManagerFactory for persistence unit 'default'
2019-05-20 15:50:51.260  WARN 1858 --- [           main] o.s.w.c.s.GenericWebApplicationContext   : Exception encountered during context initialization - cancelling refresh attempt: org.springframework.beans.factory.UnsatisfiedDependencyException: Error creating bean with name 'firstdbApplication': Unsatisfied dependency expressed through field 'dao'; nested exception is org.springframework.beans.factory.NoSuchBeanDefinitionException: No qualifying bean of type 'jdbc.person_jdbc_data' available: expected at least 1 bean which qualifies as autowire candidate. Dependency annotations: {@org.springframework.beans.factory.annotation.Autowired(required=true)}
2019-05-20 15:50:51.260  INFO 1858 --- [           main] j.LocalContainerEntityManagerFactoryBean : Closing JPA EntityManagerFactory for persistence unit 'default'
2019-05-20 15:50:51.267  INFO 1858 --- [           main] com.zaxxer.hikari.HikariDataSource       : HikariPool-1 - Shutdown initiated...
2019-05-20 15:50:51.305  INFO 1858 --- [           main] com.zaxxer.hikari.HikariDataSource       : HikariPool-1 - Shutdown completed.
2019-05-20 15:50:51.329  INFO 1858 --- [           main] ConditionEvaluationReportLoggingListener : 

Error starting ApplicationContext. To display the conditions report re-run your application with 'debug' enabled.
2019-05-20 15:50:51.562 ERROR 1858 --- [           main] o.s.b.d.LoggingFailureAnalysisReporter   : 

***************************
APPLICATION FAILED TO START
***************************

Description:

Field dao in com.firstdb.firstdb.FirstdbApplication required a bean of type 'jdbc.person_jdbc_data' that could not be found.

The injection point has the following annotations:
	- @org.springframework.beans.factory.annotation.Autowired(required=true)


Action:

Consider defining a bean of type 'jdbc.person_jdbc_data' in your configuration.

2019-05-20 15:50:51.588 ERROR 1858 --- [           main] o.s.test.context.TestContextManager      : Caught exception while allowing TestExecutionListener [org.springframework.test.context.web.ServletTestExecutionListener@a530d0a] to prepare test instance [com.firstdb.firstdb.FirstdbApplicationTests@4684240f]

java.lang.IllegalStateException: Failed to load ApplicationContext
	at org.springframework.test.context.cache.DefaultCacheAwareContextLoaderDelegate.loadContext(DefaultCacheAwareContextLoaderDelegate.java:132) ~[spring-test-5.2.0.M2.jar:5.2.0.M2]
	at org.springframework.test.context.support.DefaultTestContext.getApplicationContext(DefaultTestContext.java:122) ~[spring-test-5.2.0.M2.jar:5.2.0.M2]
	at org.springframework.test.context.web.ServletTestExecutionListener.setUpRequestContextIfNecessary(ServletTestExecutionListener.java:190) ~[spring-test-5.2.0.M2.jar:5.2.0.M2]
	at org.springframework.test.context.web.ServletTestExecutionListener.prepareTestInstance(ServletTestExecutionListener.java:132) ~[spring-test-5.2.0.M2.jar:5.2.0.M2]
	at org.springframework.test.context.TestContextManager.prepareTestInstance(TestContextManager.java:244) ~[spring-test-5.2.0.M2.jar:5.2.0.M2]
	at org.springframework.test.context.junit4.SpringJUnit4ClassRunner.createTest(SpringJUnit4ClassRunner.java:227) [spring-test-5.2.0.M2.jar:5.2.0.M2]
	at org.springframework.test.context.junit4.SpringJUnit4ClassRunner$1.runReflectiveCall(SpringJUnit4ClassRunner.java:289) [spring-test-5.2.0.M2.jar:5.2.0.M2]
	at org.junit.internal.runners.model.ReflectiveCallable.run(ReflectiveCallable.java:12) [junit-4.12.jar:4.12]
	at org.springframework.test.context.junit4.SpringJUnit4ClassRunner.methodBlock(SpringJUnit4ClassRunner.java:291) [spring-test-5.2.0.M2.jar:5.2.0.M2]
	at org.springframework.test.context.junit4.SpringJUnit4ClassRunner.runChild(SpringJUnit4ClassRunner.java:246) [spring-test-5.2.0.M2.jar:5.2.0.M2]
	at org.springframework.test.context.junit4.SpringJUnit4ClassRunner.runChild(SpringJUnit4ClassRunner.java:97) [spring-test-5.2.0.M2.jar:5.2.0.M2]
	at org.junit.runners.ParentRunner$3.run(ParentRunner.java:290) [junit-4.12.jar:4.12]
	at org.junit.runners.ParentRunner$1.schedule(ParentRunner.java:71) [junit-4.12.jar:4.12]
	at org.junit.runners.ParentRunner.runChildren(ParentRunner.java:288) [junit-4.12.jar:4.12]
	at org.junit.runners.ParentRunner.access$000(ParentRunner.java:58) [junit-4.12.jar:4.12]
	at org.junit.runners.ParentRunner$2.evaluate(ParentRunner.java:268) [junit-4.12.jar:4.12]
	at org.springframework.test.context.junit4.statements.RunBeforeTestClassCallbacks.evaluate(RunBeforeTestClassCallbacks.java:61) [spring-test-5.2.0.M2.jar:5.2.0.M2]
	at org.springframework.test.context.junit4.statements.RunAfterTestClassCallbacks.evaluate(RunAfterTestClassCallbacks.java:70) [spring-test-5.2.0.M2.jar:5.2.0.M2]
	at org.junit.runners.ParentRunner.run(ParentRunner.java:363) [junit-4.12.jar:4.12]
	at org.springframework.test.context.junit4.SpringJUnit4ClassRunner.run(SpringJUnit4ClassRunner.java:190) [spring-test-5.2.0.M2.jar:5.2.0.M2]
	at org.junit.runner.JUnitCore.run(JUnitCore.java:137) [junit-4.12.jar:4.12]
	at org.junit.runner.JUnitCore.run(JUnitCore.java:115) [junit-4.12.jar:4.12]
	at org.junit.vintage.engine.execution.RunnerExecutor.execute(RunnerExecutor.java:40) [junit-vintage-engine-5.4.2.jar:5.4.2]
	at java.util.stream.ForEachOps$ForEachOp$OfRef.accept(ForEachOps.java:184) ~[na:1.8.0_211]
	at java.util.stream.ReferencePipeline$3$1.accept(ReferencePipeline.java:193) ~[na:1.8.0_211]
	at java.util.Iterator.forEachRemaining(Iterator.java:116) ~[na:1.8.0_211]
	at java.util.Spliterators$IteratorSpliterator.forEachRemaining(Spliterators.java:1801) ~[na:1.8.0_211]
	at java.util.stream.AbstractPipeline.copyInto(AbstractPipeline.java:481) ~[na:1.8.0_211]
	at java.util.stream.AbstractPipeline.wrapAndCopyInto(AbstractPipeline.java:471) ~[na:1.8.0_211]
	at java.util.stream.ForEachOps$ForEachOp.evaluateSequential(ForEachOps.java:151) ~[na:1.8.0_211]
	at java.util.stream.ForEachOps$ForEachOp$OfRef.evaluateSequential(ForEachOps.java:174) ~[na:1.8.0_211]
	at java.util.stream.AbstractPipeline.evaluate(AbstractPipeline.java:234) ~[na:1.8.0_211]
	at java.util.stream.ReferencePipeline.forEach(ReferencePipeline.java:418) ~[na:1.8.0_211]
	at org.junit.vintage.engine.VintageTestEngine.executeAllChildren(VintageTestEngine.java:80) ~[junit-vintage-engine-5.4.2.jar:5.4.2]
	at org.junit.vintage.engine.VintageTestEngine.execute(VintageTestEngine.java:71) ~[junit-vintage-engine-5.4.2.jar:5.4.2]
	at org.junit.platform.launcher.core.DefaultLauncher.execute(DefaultLauncher.java:220) ~[junit-platform-launcher-1.3.1.jar:1.3.1]
	at org.junit.platform.launcher.core.DefaultLauncher.lambda$execute$6(DefaultLauncher.java:188) ~[junit-platform-launcher-1.3.1.jar:1.3.1]
	at org.junit.platform.launcher.core.DefaultLauncher.withInterceptedStreams(DefaultLauncher.java:202) ~[junit-platform-launcher-1.3.1.jar:1.3.1]
	at org.junit.platform.launcher.core.DefaultLauncher.execute(DefaultLauncher.java:181) ~[junit-platform-launcher-1.3.1.jar:1.3.1]
	at org.junit.platform.launcher.core.DefaultLauncher.execute(DefaultLauncher.java:128) ~[junit-platform-launcher-1.3.1.jar:1.3.1]
	at org.apache.maven.surefire.junitplatform.JUnitPlatformProvider.invokeAllTests(JUnitPlatformProvider.java:150) ~[surefire-junit-platform-2.22.2.jar:2.22.2]
	at org.apache.maven.surefire.junitplatform.JUnitPlatformProvider.invoke(JUnitPlatformProvider.java:124) ~[surefire-junit-platform-2.22.2.jar:2.22.2]
	at org.apache.maven.surefire.booter.ForkedBooter.invokeProviderInSameClassLoader(ForkedBooter.java:384) ~[surefire-booter-2.22.2.jar:2.22.2]
	at org.apache.maven.surefire.booter.ForkedBooter.runSuitesInProcess(ForkedBooter.java:345) ~[surefire-booter-2.22.2.jar:2.22.2]
	at org.apache.maven.surefire.booter.ForkedBooter.execute(ForkedBooter.java:126) ~[surefire-booter-2.22.2.jar:2.22.2]
	at org.apache.maven.surefire.booter.ForkedBooter.main(ForkedBooter.java:418) ~[surefire-booter-2.22.2.jar:2.22.2]
Caused by: org.springframework.beans.factory.UnsatisfiedDependencyException: Error creating bean with name 'firstdbApplication': Unsatisfied dependency expressed through field 'dao'; nested exception is org.springframework.beans.factory.NoSuchBeanDefinitionException: No qualifying bean of type 'jdbc.person_jdbc_data' available: expected at least 1 bean which qualifies as autowire candidate. Dependency annotations: {@org.springframework.beans.factory.annotation.Autowired(required=true)}
	at org.springframework.beans.factory.annotation.AutowiredAnnotationBeanPostProcessor$AutowiredFieldElement.inject(AutowiredAnnotationBeanPostProcessor.java:626) ~[spring-beans-5.2.0.M2.jar:5.2.0.M2]
	at org.springframework.beans.factory.annotation.InjectionMetadata.inject(InjectionMetadata.java:116) ~[spring-beans-5.2.0.M2.jar:5.2.0.M2]
	at org.springframework.beans.factory.annotation.AutowiredAnnotationBeanPostProcessor.postProcessProperties(AutowiredAnnotationBeanPostProcessor.java:385) ~[spring-beans-5.2.0.M2.jar:5.2.0.M2]
	at org.springframework.beans.factory.support.AbstractAutowireCapableBeanFactory.populateBean(AbstractAutowireCapableBeanFactory.java:1416) ~[spring-beans-5.2.0.M2.jar:5.2.0.M2]
	at org.springframework.beans.factory.support.AbstractAutowireCapableBeanFactory.doCreateBean(AbstractAutowireCapableBeanFactory.java:592) ~[spring-beans-5.2.0.M2.jar:5.2.0.M2]
	at org.springframework.beans.factory.support.AbstractAutowireCapableBeanFactory.createBean(AbstractAutowireCapableBeanFactory.java:515) ~[spring-beans-5.2.0.M2.jar:5.2.0.M2]
	at org.springframework.beans.factory.support.AbstractBeanFactory.lambda$doGetBean$0(AbstractBeanFactory.java:320) ~[spring-beans-5.2.0.M2.jar:5.2.0.M2]
	at org.springframework.beans.factory.support.DefaultSingletonBeanRegistry.getSingleton(DefaultSingletonBeanRegistry.java:222) ~[spring-beans-5.2.0.M2.jar:5.2.0.M2]
	at org.springframework.beans.factory.support.AbstractBeanFactory.doGetBean(AbstractBeanFactory.java:318) ~[spring-beans-5.2.0.M2.jar:5.2.0.M2]
	at org.springframework.beans.factory.support.AbstractBeanFactory.getBean(AbstractBeanFactory.java:199) ~[spring-beans-5.2.0.M2.jar:5.2.0.M2]
	at org.springframework.beans.factory.support.DefaultListableBeanFactory.preInstantiateSingletons(DefaultListableBeanFactory.java:868) ~[spring-beans-5.2.0.M2.jar:5.2.0.M2]
	at org.springframework.context.support.AbstractApplicationContext.finishBeanFactoryInitialization(AbstractApplicationContext.java:877) ~[spring-context-5.2.0.M2.jar:5.2.0.M2]
	at org.springframework.context.support.AbstractApplicationContext.refresh(AbstractApplicationContext.java:549) ~[spring-context-5.2.0.M2.jar:5.2.0.M2]
	at org.springframework.boot.SpringApplication.refresh(SpringApplication.java:782) ~[spring-boot-2.2.0.M3.jar:2.2.0.M3]
	at org.springframework.boot.SpringApplication.refreshContext(SpringApplication.java:404) ~[spring-boot-2.2.0.M3.jar:2.2.0.M3]
	at org.springframework.boot.SpringApplication.run(SpringApplication.java:319) ~[spring-boot-2.2.0.M3.jar:2.2.0.M3]
	at org.springframework.boot.test.context.SpringBootContextLoader.loadContext(SpringBootContextLoader.java:132) ~[spring-boot-test-2.2.0.M3.jar:2.2.0.M3]
	at org.springframework.test.context.cache.DefaultCacheAwareContextLoaderDelegate.loadContextInternal(DefaultCacheAwareContextLoaderDelegate.java:99) ~[spring-test-5.2.0.M2.jar:5.2.0.M2]
	at org.springframework.test.context.cache.DefaultCacheAwareContextLoaderDelegate.loadContext(DefaultCacheAwareContextLoaderDelegate.java:124) ~[spring-test-5.2.0.M2.jar:5.2.0.M2]
	... 45 common frames omitted
Caused by: org.springframework.beans.factory.NoSuchBeanDefinitionException: No qualifying bean of type 'jdbc.person_jdbc_data' available: expected at least 1 bean which qualifies as autowire candidate. Dependency annotations: {@org.springframework.beans.factory.annotation.Autowired(required=true)}
	at org.springframework.beans.factory.support.DefaultListableBeanFactory.raiseNoMatchingBeanFound(DefaultListableBeanFactory.java:1681) ~[spring-beans-5.2.0.M2.jar:5.2.0.M2]
	at org.springframework.beans.factory.support.DefaultListableBeanFactory.doResolveDependency(DefaultListableBeanFactory.java:1239) ~[spring-beans-5.2.0.M2.jar:5.2.0.M2]
	at org.springframework.beans.factory.support.DefaultListableBeanFactory.resolveDependency(DefaultListableBeanFactory.java:1193) ~[spring-beans-5.2.0.M2.jar:5.2.0.M2]
	at org.springframework.beans.factory.annotation.AutowiredAnnotationBeanPostProcessor$AutowiredFieldElement.inject(AutowiredAnnotationBeanPostProcessor.java:623) ~[spring-beans-5.2.0.M2.jar:5.2.0.M2]
	... 63 common frames omitted

]]></system-out>
  </testcase>
</testsuite>